<?xml version="1.0" encoding="UTF-8"?>
<!-- Generated by org.testng.reporters.JUnitReportReporter -->
<testsuite hostname="DESKTOP-A34KRTS" failures="0" tests="1" name="Scripts.TestScript1" time="52.058" errors="0" timestamp="2023-09-06T19:59:31 IST" skipped="0">
  <testcase classname="Scripts.TestScript1" name="tc1" time="52.058"/>
</testsuite> <!-- Scripts.TestScript1 -->
