<?xml version="1.0" encoding="UTF-8"?>
<!-- Generated by org.testng.reporters.JUnitReportReporter -->
<testsuite hostname="DESKTOP-A34KRTS" failures="0" tests="1" name="Scripts.TestScript2" time="11.562" errors="0" timestamp="2023-09-06T20:23:35 IST" skipped="0">
  <testcase classname="Scripts.TestScript2" name="tc1" time="11.562"/>
</testsuite> <!-- Scripts.TestScript2 -->
